2019-02-19 13:22:10
<xml><ToUserName><![CDATA[gh_890a66600ce9]]></ToUserName>
<FromUserName><![CDATA[oNiPq5qguCnYBLX4aTasWJzcY6Q0]]></FromUserName>
<CreateTime>1550308690</CreateTime>
<MsgType><![CDATA[event]]></MsgType>
<Event><![CDATA[subscribe]]></Event>
<EventKey><![CDATA[]]></EventKey>
</xml>
<<<<<<<2019-02-19 13:31:13
<xml><ToUserName><![CDATA[gh_890a66600ce9]]></ToUserName>
<FromUserName><![CDATA[oNiPq5qguCnYBLX4aTasWJzcY6Q0]]></FromUserName>
<CreateTime>1550308690</CreateTime>
<MsgType><![CDATA[event]]></MsgType>
<Event><![CDATA[subscribe]]></Event>
<EventKey><![CDATA[]]></EventKey>
</xml>
<<<<<<<2019-02-19 14:22:51
<xml><ToUserName><![CDATA[gh_890a66600ce9]]></ToUserName>
<FromUserName><![CDATA[oNiPq5qguCnYBLX4aTasWJzcY6Q0]]></FromUserName>
<CreateTime>1550308690</CreateTime>
<MsgType><![CDATA[event]]></MsgType>
<Event><![CDATA[subscribe]]></Event>
<EventKey><![CDATA[]]></EventKey>
</xml>
<<<<<<<2019-02-19 15:35:06
<xml><ToUserName><![CDATA[gh_890a66600ce9]]></ToUserName>
<FromUserName><![CDATA[oNiPq5qguCnYBLX4aTasWJzcY6Q0]]></FromUserName>
<CreateTime>1550308690</CreateTime>
<MsgType><![CDATA[event]]></MsgType>
<Event><![CDATA[subscribe]]></Event>
<EventKey><![CDATA[]]></EventKey>
</xml>
<<<<<<<2019-02-19 15:35:33
<xml><ToUserName><![CDATA[gh_890a66600ce9]]></ToUserName>
<FromUserName><![CDATA[oNiPq5qguCnYBLX4aTasWJzcY6Q0]]></FromUserName>
<CreateTime>1550308690</CreateTime>
<MsgType><![CDATA[event]]></MsgType>
<Event><![CDATA[subscribe]]></Event>
<EventKey><![CDATA[]]></EventKey>
</xml>
<<<<<<<2019-02-19 15:43:31
<xml><ToUserName><![CDATA[gh_890a66600ce9]]></ToUserName>
<FromUserName><![CDATA[oNiPq5qguCnYBLX4aTasWJzcY6Q0]]></FromUserName>
<CreateTime>1550308690</CreateTime>
<MsgType><![CDATA[event]]></MsgType>
<Event><![CDATA[subscribe]]></Event>
<EventKey><![CDATA[]]></EventKey>
</xml>
<<<<<<<2019-02-19 16:06:01
<xml><ToUserName><![CDATA[gh_890a66600ce9]]></ToUserName>
<FromUserName><![CDATA[oNiPq5qguCnYBLX4aTasWJzcY6Q0]]></FromUserName>
<CreateTime>1550308690</CreateTime>
<MsgType><![CDATA[event]]></MsgType>
<Event><![CDATA[subscribe]]></Event>
<EventKey><![CDATA[]]></EventKey>
</xml>
<<<<<<<2019-02-20 10:13:40
<xml><ToUserName><![CDATA[gh_890a66600ce9]]></ToUserName>
<FromUserName><![CDATA[oNiPq5qguCnYBLX4aTasWJzcY6Q0]]></FromUserName>
<CreateTime>1550308690</CreateTime>
<MsgType><![CDATA[event]]></MsgType>
<Event><![CDATA[subscribe]]></Event>
<EventKey><![CDATA[]]></EventKey>
</xml>
<<<<<<<2019-02-20 10:14:10
<xml><ToUserName><![CDATA[gh_890a66600ce9]]></ToUserName>
<FromUserName><![CDATA[oNiPq5qguCnYBLX4aTasWJzcY6Q0]]></FromUserName>
<CreateTime>1550308690</CreateTime>
<MsgType><![CDATA[event]]></MsgType>
<Event><![CDATA[subscribe]]></Event>
<EventKey><![CDATA[]]></EventKey>
</xml>
<<<<<<<2019-02-20 10:16:12
<xml><ToUserName><![CDATA[gh_890a66600ce9]]></ToUserName>
<FromUserName><![CDATA[oNiPq5qguCnYBLX4aTasWJzcY6Q0]]></FromUserName>
<CreateTime>1550308690</CreateTime>
<MsgType><![CDATA[event]]></MsgType>
<Event><![CDATA[subscribe]]></Event>
<EventKey><![CDATA[]]></EventKey>
</xml>
<<<<<<<2019-02-20 10:16:26
<xml><ToUserName><![CDATA[gh_890a66600ce9]]></ToUserName>
<FromUserName><![CDATA[oNiPq5qguCnYBLX4aTasWJzcY6Q0]]></FromUserName>
<CreateTime>1550308690</CreateTime>
<MsgType><![CDATA[event]]></MsgType>
<Event><![CDATA[subscribe]]></Event>
<EventKey><![CDATA[]]></EventKey>
</xml>
<<<<<<<2019-02-20 10:22:58
<xml><ToUserName><![CDATA[gh_890a66600ce9]]></ToUserName>
<FromUserName><![CDATA[oNiPq5qguCnYBLX4aTasWJzcY6Q0]]></FromUserName>
<CreateTime>1550308690</CreateTime>
<MsgType><![CDATA[event]]></MsgType>
<Event><![CDATA[subscribe]]></Event>
<EventKey><![CDATA[]]></EventKey>
</xml>
<<<<<<<2019-02-20 10:23:43
<xml><ToUserName><![CDATA[gh_890a66600ce9]]></ToUserName>
<FromUserName><![CDATA[oNiPq5qguCnYBLX4aTasWJzcY6Q0]]></FromUserName>
<CreateTime>1550308690</CreateTime>
<MsgType><![CDATA[event]]></MsgType>
<Event><![CDATA[subscribe]]></Event>
<EventKey><![CDATA[]]></EventKey>
</xml>
<<<<<<<2019-02-20 10:23:46
<xml><ToUserName><![CDATA[gh_890a66600ce9]]></ToUserName>
<FromUserName><![CDATA[oNiPq5qguCnYBLX4aTasWJzcY6Q0]]></FromUserName>
<CreateTime>1550308690</CreateTime>
<MsgType><![CDATA[event]]></MsgType>
<Event><![CDATA[subscribe]]></Event>
<EventKey><![CDATA[]]></EventKey>
</xml>
<<<<<<<2019-02-20 10:23:59
<xml><ToUserName><![CDATA[gh_890a66600ce9]]></ToUserName>
<FromUserName><![CDATA[oNiPq5qguCnYBLX4aTasWJzcY6Q0]]></FromUserName>
<CreateTime>1550308690</CreateTime>
<MsgType><![CDATA[event]]></MsgType>
<Event><![CDATA[subscribe]]></Event>
<EventKey><![CDATA[]]></EventKey>
</xml>
<<<<<<<2019-02-20 10:28:41
<xml><ToUserName><![CDATA[gh_890a66600ce9]]></ToUserName>
<FromUserName><![CDATA[oNiPq5qguCnYBLX4aTasWJzcY6Q0]]></FromUserName>
<CreateTime>1550308690</CreateTime>
<MsgType><![CDATA[event]]></MsgType>
<Event><![CDATA[subscribe]]></Event>
<EventKey><![CDATA[]]></EventKey>
</xml>
<<<<<<<2019-02-20 10:29:04
<xml><ToUserName><![CDATA[gh_890a66600ce9]]></ToUserName>
<FromUserName><![CDATA[oNiPq5qguCnYBLX4aTasWJzcY6Q0]]></FromUserName>
<CreateTime>1550308690</CreateTime>
<MsgType><![CDATA[event]]></MsgType>
<Event><![CDATA[subscribe]]></Event>
<EventKey><![CDATA[]]></EventKey>
</xml>
<<<<<<<2019-02-20 10:30:09
<xml><ToUserName><![CDATA[gh_890a66600ce9]]></ToUserName>
<FromUserName><![CDATA[oNiPq5qguCnYBLX4aTasWJzcY6Q0]]></FromUserName>
<CreateTime>1550308690</CreateTime>
<MsgType><![CDATA[event]]></MsgType>
<Event><![CDATA[subscribe]]></Event>
<EventKey><![CDATA[]]></EventKey>
</xml>
<<<<<<<2019-02-20 10:54:39

<<<<<<<2019-02-20 11:29:58
<xml><ToUserName><![CDATA[gh_0beb0bfdac8a]]></ToUserName>
<FromUserName><![CDATA[oNiPq5qguCnYBLX4aTasWJzcY6Q0]]></FromUserName>
<CreateTime>1550632979</CreateTime>
<MsgType><![CDATA[voice]]></MsgType>
<MediaId><![CDATA[j0kA1CmGcGEUKgx1NsaCNAqUxwiiO1a9kSwYELrdy2829KpRg0FOkev4J2daRsIg]]></MediaId>
<Format><![CDATA[amr]]></Format>
<MsgId>22199724682931738</MsgId>
<Recognition><![CDATA[]]></Recognition>
</xml>

<<<<<<<2019-02-20 11:31:25
<xml><ToUserName><![CDATA[gh_0beb0bfdac8a]]></ToUserName>
<FromUserName><![CDATA[oNiPq5qguCnYBLX4aTasWJzcY6Q0]]></FromUserName>
<CreateTime>1550632979</CreateTime>
<MsgType><![CDATA[voice]]></MsgType>
<MediaId><![CDATA[j0kA1CmGcGEUKgx1NsaCNAqUxwiiO1a9kSwYELrdy2829KpRg0FOkev4J2daRsIg]]></MediaId>
<Format><![CDATA[amr]]></Format>
<MsgId>22199724682931738</MsgId>
<Recognition><![CDATA[]]></Recognition>
</xml>

<<<<<<<2019-02-20 11:32:30
<xml><ToUserName><![CDATA[gh_0beb0bfdac8a]]></ToUserName>
<FromUserName><![CDATA[oNiPq5qguCnYBLX4aTasWJzcY6Q0]]></FromUserName>
<CreateTime>1550632979</CreateTime>
<MsgType><![CDATA[voice]]></MsgType>
<MediaId><![CDATA[j0kA1CmGcGEUKgx1NsaCNAqUxwiiO1a9kSwYELrdy2829KpRg0FOkev4J2daRsIg]]></MediaId>
<Format><![CDATA[amr]]></Format>
<MsgId>22199724682931738</MsgId>
<Recognition><![CDATA[]]></Recognition>
</xml>

<<<<<<<2019-02-20 11:34:03
<<<<<<<2019-02-20 11:32:30
<xml><ToUserName><![CDATA[gh_0beb0bfdac8a]]></ToUserName>
<FromUserName><![CDATA[oNiPq5qguCnYBLX4aTasWJzcY6Q0]]></FromUserName>
<CreateTime>1550632979</CreateTime>
<MsgType><![CDATA[voice]]></MsgType>
<MediaId><![CDATA[j0kA1CmGcGEUKgx1NsaCNAqUxwiiO1a9kSwYELrdy2829KpRg0FOkev4J2daRsIg]]></MediaId>
<Format><![CDATA[amr]]></Format>
<MsgId>22199724682931738</MsgId>
<Recognition><![CDATA[]]></Recognition>
</xml>

<<<<<<<2019-02-20 11:38:09

<xml><ToUserName><![CDATA[gh_0beb0bfdac8a]]></ToUserName>
<FromUserName><![CDATA[oNiPq5qguCnYBLX4aTasWJzcY6Q0]]></FromUserName>
<CreateTime>1550632979</CreateTime>
<MsgType><![CDATA[voice]]></MsgType>
<MediaId><![CDATA[j0kA1CmGcGEUKgx1NsaCNAqUxwiiO1a9kSwYELrdy2829KpRg0FOkev4J2daRsIg]]></MediaId>
<Format><![CDATA[amr]]></Format>
<MsgId>22199724682931738</MsgId>
<Recognition><![CDATA[]]></Recognition>
</xml>

<<<<<<<2019-02-20 11:38:14

<xml><ToUserName><![CDATA[gh_0beb0bfdac8a]]></ToUserName>
<FromUserName><![CDATA[oNiPq5qguCnYBLX4aTasWJzcY6Q0]]></FromUserName>
<CreateTime>1550632979</CreateTime>
<MsgType><![CDATA[voice]]></MsgType>
<MediaId><![CDATA[j0kA1CmGcGEUKgx1NsaCNAqUxwiiO1a9kSwYELrdy2829KpRg0FOkev4J2daRsIg]]></MediaId>
<Format><![CDATA[amr]]></Format>
<MsgId>22199724682931738</MsgId>
<Recognition><![CDATA[]]></Recognition>
</xml>

<<<<<<<2019-02-20 11:41:26
<xml><ToUserName><![CDATA[gh_0beb0bfdac8a]]></ToUserName>
<FromUserName><![CDATA[oNiPq5qguCnYBLX4aTasWJzcY6Q0]]></FromUserName>
<CreateTime>1550632979</CreateTime>
<MsgType><![CDATA[voice]]></MsgType>
<MediaId><![CDATA[j0kA1CmGcGEUKgx1NsaCNAqUxwiiO1a9kSwYELrdy2829KpRg0FOkev4J2daRsIg]]></MediaId>
<Format><![CDATA[amr]]></Format>
<MsgId>22199724682931738</MsgId>
<Recognition><![CDATA[]]></Recognition>
</xml>
<<<<<<<2019-02-20 11:41:51
<xml><ToUserName><![CDATA[gh_0beb0bfdac8a]]></ToUserName>
<FromUserName><![CDATA[oNiPq5qguCnYBLX4aTasWJzcY6Q0]]></FromUserName>
<CreateTime>1550632979</CreateTime>
<MsgType><![CDATA[voice]]></MsgType>
<MediaId><![CDATA[j0kA1CmGcGEUKgx1NsaCNAqUxwiiO1a9kSwYELrdy2829KpRg0FOkev4J2daRsIg]]></MediaId>
<Format><![CDATA[amr]]></Format>
<MsgId>22199724682931738</MsgId>
<Recognition><![CDATA[]]></Recognition>
</xml>
<<<<<<<2019-02-20 11:43:35
<xml><ToUserName><![CDATA[gh_0beb0bfdac8a]]></ToUserName>
<FromUserName><![CDATA[oNiPq5qguCnYBLX4aTasWJzcY6Q0]]></FromUserName>
<CreateTime>1550632979</CreateTime>
<MsgType><![CDATA[voice]]></MsgType>
<MediaId><![CDATA[j0kA1CmGcGEUKgx1NsaCNAqUxwiiO1a9kSwYELrdy2829KpRg0FOkev4J2daRsIg]]></MediaId>
<Format><![CDATA[amr]]></Format>
<MsgId>22199724682931738</MsgId>
<Recognition><![CDATA[]]></Recognition>
</xml>
<<<<<<<2019-02-20 11:43:56
<xml><ToUserName><![CDATA[gh_0beb0bfdac8a]]></ToUserName>
<FromUserName><![CDATA[oNiPq5qguCnYBLX4aTasWJzcY6Q0]]></FromUserName>
<CreateTime>1550632979</CreateTime>
<MsgType><![CDATA[voice]]></MsgType>
<MediaId><![CDATA[j0kA1CmGcGEUKgx1NsaCNAqUxwiiO1a9kSwYELrdy2829KpRg0FOkev4J2daRsIg]]></MediaId>
<Format><![CDATA[amr]]></Format>
<MsgId>22199724682931738</MsgId>
<Recognition><![CDATA[]]></Recognition>
</xml>
<<<<<<<2019-02-20 11:45:07
<xml><ToUserName><![CDATA[gh_0beb0bfdac8a]]></ToUserName>
<FromUserName><![CDATA[oNiPq5qguCnYBLX4aTasWJzcY6Q0]]></FromUserName>
<CreateTime>1550632979</CreateTime>
<MsgType><![CDATA[voice]]></MsgType>
<MediaId><![CDATA[j0kA1CmGcGEUKgx1NsaCNAqUxwiiO1a9kSwYELrdy2829KpRg0FOkev4J2daRsIg]]></MediaId>
<Format><![CDATA[amr]]></Format>
<MsgId>22199724682931738</MsgId>
<Recognition><![CDATA[]]></Recognition>
</xml>
<<<<<<<2019-02-20 11:45:44
<xml><ToUserName><![CDATA[gh_0beb0bfdac8a]]></ToUserName>
<FromUserName><![CDATA[oNiPq5qguCnYBLX4aTasWJzcY6Q0]]></FromUserName>
<CreateTime>1550632979</CreateTime>
<MsgType><![CDATA[voice]]></MsgType>
<MediaId><![CDATA[j0kA1CmGcGEUKgx1NsaCNAqUxwiiO1a9kSwYELrdy2829KpRg0FOkev4J2daRsIg]]></MediaId>
<Format><![CDATA[amr]]></Format>
<MsgId>22199724682931738</MsgId>
<Recognition><![CDATA[]]></Recognition>
</xml>
<<<<<<<2019-02-20 11:46:13
<xml><ToUserName><![CDATA[gh_0beb0bfdac8a]]></ToUserName>
<FromUserName><![CDATA[oNiPq5qguCnYBLX4aTasWJzcY6Q0]]></FromUserName>
<CreateTime>1550632979</CreateTime>
<MsgType><![CDATA[voice]]></MsgType>
<MediaId><![CDATA[j0kA1CmGcGEUKgx1NsaCNAqUxwiiO1a9kSwYELrdy2829KpRg0FOkev4J2daRsIg]]></MediaId>
<Format><![CDATA[amr]]></Format>
<MsgId>22199724682931738</MsgId>
<Recognition><![CDATA[]]></Recognition>
</xml>
<<<<<<<2019-02-20 11:46:30
<xml><ToUserName><![CDATA[gh_0beb0bfdac8a]]></ToUserName>
<FromUserName><![CDATA[oNiPq5qguCnYBLX4aTasWJzcY6Q0]]></FromUserName>
<CreateTime>1550632979</CreateTime>
<MsgType><![CDATA[voice]]></MsgType>
<MediaId><![CDATA[j0kA1CmGcGEUKgx1NsaCNAqUxwiiO1a9kSwYELrdy2829KpRg0FOkev4J2daRsIg]]></MediaId>
<Format><![CDATA[amr]]></Format>
<MsgId>22199724682931738</MsgId>
<Recognition><![CDATA[]]></Recognition>
</xml>
<<<<<<<2019-02-20 11:46:59
<xml><ToUserName><![CDATA[gh_0beb0bfdac8a]]></ToUserName>
<FromUserName><![CDATA[oNiPq5qguCnYBLX4aTasWJzcY6Q0]]></FromUserName>
<CreateTime>1550632979</CreateTime>
<MsgType><![CDATA[voice]]></MsgType>
<MediaId><![CDATA[j0kA1CmGcGEUKgx1NsaCNAqUxwiiO1a9kSwYELrdy2829KpRg0FOkev4J2daRsIg]]></MediaId>
<Format><![CDATA[amr]]></Format>
<MsgId>22199724682931738</MsgId>
<Recognition><![CDATA[]]></Recognition>
</xml>
<<<<<<<2019-02-20 11:47:32
<xml><ToUserName><![CDATA[gh_0beb0bfdac8a]]></ToUserName>
<FromUserName><![CDATA[oNiPq5qguCnYBLX4aTasWJzcY6Q0]]></FromUserName>
<CreateTime>1550632979</CreateTime>
<MsgType><![CDATA[voice]]></MsgType>
<MediaId><![CDATA[j0kA1CmGcGEUKgx1NsaCNAqUxwiiO1a9kSwYELrdy2829KpRg0FOkev4J2daRsIg]]></MediaId>
<Format><![CDATA[amr]]></Format>
<MsgId>22199724682931738</MsgId>
<Recognition><![CDATA[]]></Recognition>
</xml>
<<<<<<<2019-02-20 11:51:24
<xml><ToUserName><![CDATA[gh_0beb0bfdac8a]]></ToUserName>
<FromUserName><![CDATA[oNiPq5qguCnYBLX4aTasWJzcY6Q0]]></FromUserName>
<CreateTime>1550632979</CreateTime>
<MsgType><![CDATA[voice]]></MsgType>
<MediaId><![CDATA[j0kA1CmGcGEUKgx1NsaCNAqUxwiiO1a9kSwYELrdy2829KpRg0FOkev4J2daRsIg]]></MediaId>
<Format><![CDATA[amr]]></Format>
<MsgId>22199724682931738</MsgId>
<Recognition><![CDATA[]]></Recognition>
</xml>
<<<<<<<2019-02-20 11:53:22
<xml><ToUserName><![CDATA[gh_0beb0bfdac8a]]></ToUserName>
<FromUserName><![CDATA[oNiPq5qguCnYBLX4aTasWJzcY6Q0]]></FromUserName>
<CreateTime>1550632979</CreateTime>
<MsgType><![CDATA[voice]]></MsgType>
<MediaId><![CDATA[j0kA1CmGcGEUKgx1NsaCNAqUxwiiO1a9kSwYELrdy2829KpRg0FOkev4J2daRsIg]]></MediaId>
<Format><![CDATA[amr]]></Format>
<MsgId>22199724682931738</MsgId>
<Recognition><![CDATA[]]></Recognition>
</xml>
<<<<<<<2019-02-20 11:53:52
<xml><ToUserName><![CDATA[gh_0beb0bfdac8a]]></ToUserName>
<FromUserName><![CDATA[oNiPq5qguCnYBLX4aTasWJzcY6Q0]]></FromUserName>
<CreateTime>1550632979</CreateTime>
<MsgType><![CDATA[voice]]></MsgType>
<MediaId><![CDATA[j0kA1CmGcGEUKgx1NsaCNAqUxwiiO1a9kSwYELrdy2829KpRg0FOkev4J2daRsIg]]></MediaId>
<Format><![CDATA[amr]]></Format>
<MsgId>22199724682931738</MsgId>
<Recognition><![CDATA[]]></Recognition>
</xml>

<<<<<<<2019-02-20 11:55:10
<xml><ToUserName><![CDATA[gh_0beb0bfdac8a]]></ToUserName>
<FromUserName><![CDATA[oNiPq5qguCnYBLX4aTasWJzcY6Q0]]></FromUserName>
<CreateTime>1550632979</CreateTime>
<MsgType><![CDATA[voice]]></MsgType>
<MediaId><![CDATA[j0kA1CmGcGEUKgx1NsaCNAqUxwiiO1a9kSwYELrdy2829KpRg0FOkev4J2daRsIg]]></MediaId>
<Format><![CDATA[amr]]></Format>
<MsgId>22199724682931738</MsgId>
<Recognition><![CDATA[]]></Recognition>
</xml>

<<<<<<<2019-02-20 12:00:08
<xml><ToUserName><![CDATA[gh_0beb0bfdac8a]]></ToUserName>
<FromUserName><![CDATA[oNiPq5qguCnYBLX4aTasWJzcY6Q0]]></FromUserName>
<CreateTime>1550632979</CreateTime>
<MsgType><![CDATA[voice]]></MsgType>
<MediaId><![CDATA[j0kA1CmGcGEUKgx1NsaCNAqUxwiiO1a9kSwYELrdy2829KpRg0FOkev4J2daRsIg]]></MediaId>
<Format><![CDATA[amr]]></Format>
<MsgId>22199724682931738</MsgId>
<Recognition><![CDATA[]]></Recognition>
</xml>

<<<<<<<2019-02-20 12:05:01
<xml><ToUserName><![CDATA[gh_0beb0bfdac8a]]></ToUserName>
<FromUserName><![CDATA[oNiPq5qguCnYBLX4aTasWJzcY6Q0]]></FromUserName>
<CreateTime>1550632979</CreateTime>
<MsgType><![CDATA[voice]]></MsgType>
<MediaId><![CDATA[j0kA1CmGcGEUKgx1NsaCNAqUxwiiO1a9kSwYELrdy2829KpRg0FOkev4J2daRsIg]]></MediaId>
<Format><![CDATA[amr]]></Format>
<MsgId>22199724682931738</MsgId>
<Recognition><![CDATA[]]></Recognition>
</xml>

<<<<<<<2019-02-20 13:13:21
<xml><ToUserName><![CDATA[gh_0beb0bfdac8a]]></ToUserName>
<FromUserName><![CDATA[oNiPq5qguCnYBLX4aTasWJzcY6Q0]]></FromUserName>
<CreateTime>1550632979</CreateTime>
<MsgType><![CDATA[voice]]></MsgType>
<MediaId><![CDATA[j0kA1CmGcGEUKgx1NsaCNAqUxwiiO1a9kSwYELrdy2829KpRg0FOkev4J2daRsIg]]></MediaId>
<Format><![CDATA[amr]]></Format>
<MsgId>22199724682931738</MsgId>
<Recognition><![CDATA[]]></Recognition>
</xml>

<<<<<<<2019-02-20 13:16:11
<xml><ToUserName><![CDATA[gh_0beb0bfdac8a]]></ToUserName>
<FromUserName><![CDATA[oNiPq5qguCnYBLX4aTasWJzcY6Q0]]></FromUserName>
<CreateTime>1550632979</CreateTime>
<MsgType><![CDATA[voice]]></MsgType>
<MediaId><![CDATA[j0kA1CmGcGEUKgx1NsaCNAqUxwiiO1a9kSwYELrdy2829KpRg0FOkev4J2daRsIg]]></MediaId>
<Format><![CDATA[amr]]></Format>
<MsgId>22199724682931738</MsgId>
<Recognition><![CDATA[]]></Recognition>
</xml>

<<<<<<<2019-02-20 13:16:40
<xml><ToUserName><![CDATA[gh_0beb0bfdac8a]]></ToUserName>
<FromUserName><![CDATA[oNiPq5qguCnYBLX4aTasWJzcY6Q0]]></FromUserName>
<CreateTime>1550632979</CreateTime>
<MsgType><![CDATA[voice]]></MsgType>
<MediaId><![CDATA[j0kA1CmGcGEUKgx1NsaCNAqUxwiiO1a9kSwYELrdy2829KpRg0FOkev4J2daRsIg]]></MediaId>
<Format><![CDATA[amr]]></Format>
<MsgId>22199724682931738</MsgId>
<Recognition><![CDATA[]]></Recognition>
</xml>

<<<<<<<2019-02-20 13:17:22
<xml><ToUserName><![CDATA[gh_0beb0bfdac8a]]></ToUserName>
<FromUserName><![CDATA[oNiPq5qguCnYBLX4aTasWJzcY6Q0]]></FromUserName>
<CreateTime>1550632979</CreateTime>
<MsgType><![CDATA[voice]]></MsgType>
<MediaId><![CDATA[j0kA1CmGcGEUKgx1NsaCNAqUxwiiO1a9kSwYELrdy2829KpRg0FOkev4J2daRsIg]]></MediaId>
<Format><![CDATA[amr]]></Format>
<MsgId>22199724682931738</MsgId>
<Recognition><![CDATA[]]></Recognition>
</xml>

<<<<<<<2019-02-20 13:18:37
<xml><ToUserName><![CDATA[gh_0beb0bfdac8a]]></ToUserName>
<FromUserName><![CDATA[oNiPq5qguCnYBLX4aTasWJzcY6Q0]]></FromUserName>
<CreateTime>1550632979</CreateTime>
<MsgType><![CDATA[voice]]></MsgType>
<MediaId><![CDATA[j0kA1CmGcGEUKgx1NsaCNAqUxwiiO1a9kSwYELrdy2829KpRg0FOkev4J2daRsIg]]></MediaId>
<Format><![CDATA[amr]]></Format>
<MsgId>22199724682931738</MsgId>
<Recognition><![CDATA[]]></Recognition>
</xml>

<<<<<<<2019-02-20 13:20:11
<xml><ToUserName><![CDATA[gh_0beb0bfdac8a]]></ToUserName>
<FromUserName><![CDATA[oNiPq5qguCnYBLX4aTasWJzcY6Q0]]></FromUserName>
<CreateTime>1550632979</CreateTime>
<MsgType><![CDATA[voice]]></MsgType>
<MediaId><![CDATA[j0kA1CmGcGEUKgx1NsaCNAqUxwiiO1a9kSwYELrdy2829KpRg0FOkev4J2daRsIg]]></MediaId>
<Format><![CDATA[amr]]></Format>
<MsgId>22199724682931738</MsgId>
<Recognition><![CDATA[]]></Recognition>
</xml>

<<<<<<<2019-02-20 13:21:13
<xml><ToUserName><![CDATA[gh_0beb0bfdac8a]]></ToUserName>
<FromUserName><![CDATA[oNiPq5qguCnYBLX4aTasWJzcY6Q0]]></FromUserName>
<CreateTime>1550632979</CreateTime>
<MsgType><![CDATA[voice]]></MsgType>
<MediaId><![CDATA[j0kA1CmGcGEUKgx1NsaCNAqUxwiiO1a9kSwYELrdy2829KpRg0FOkev4J2daRsIg]]></MediaId>
<Format><![CDATA[amr]]></Format>
<MsgId>22199724682931738</MsgId>
<Recognition><![CDATA[]]></Recognition>
</xml>

<<<<<<<2019-02-20 13:23:42
<xml><ToUserName><![CDATA[gh_0beb0bfdac8a]]></ToUserName>
<FromUserName><![CDATA[oNiPq5qguCnYBLX4aTasWJzcY6Q0]]></FromUserName>
<CreateTime>1550632979</CreateTime>
<MsgType><![CDATA[voice]]></MsgType>
<MediaId><![CDATA[j0kA1CmGcGEUKgx1NsaCNAqUxwiiO1a9kSwYELrdy2829KpRg0FOkev4J2daRsIg]]></MediaId>
<Format><![CDATA[amr]]></Format>
<MsgId>22199724682931738</MsgId>
<Recognition><![CDATA[]]></Recognition>
</xml>

<<<<<<<2019-02-20 13:24:11
<xml><ToUserName><![CDATA[gh_0beb0bfdac8a]]></ToUserName>
<FromUserName><![CDATA[oNiPq5qguCnYBLX4aTasWJzcY6Q0]]></FromUserName>
<CreateTime>1550632979</CreateTime>
<MsgType><![CDATA[voice]]></MsgType>
<MediaId><![CDATA[j0kA1CmGcGEUKgx1NsaCNAqUxwiiO1a9kSwYELrdy2829KpRg0FOkev4J2daRsIg]]></MediaId>
<Format><![CDATA[amr]]></Format>
<MsgId>22199724682931738</MsgId>
<Recognition><![CDATA[]]></Recognition>
</xml>

<<<<<<<2019-02-20 13:35:32
<xml><ToUserName><![CDATA[gh_890a66600ce9]]></ToUserName>
<FromUserName><![CDATA[oNiPq5qguCnYBLX4aTasWJzcY6Q0]]></FromUserName>
<CreateTime>1550640902</CreateTime>
<MsgType><![CDATA[voice]]></MsgType>
<MediaId><![CDATA[PxQG29h7UAm6rcFtWt3DlT6d82YR3jt7BjWTNvrG7FczdT7ZjC3AhDiN8v74gzVD]]></MediaId>
<Format><![CDATA[amr]]></Format>
<MsgId>22199844039649503</MsgId>
<Recognition><![CDATA[]]></Recognition>
</xml>
<<<<<<<2019-02-20 13:48:08
<xml><ToUserName><![CDATA[gh_890a66600ce9]]></ToUserName>
<FromUserName><![CDATA[oNiPq5qguCnYBLX4aTasWJzcY6Q0]]></FromUserName>
<CreateTime>1550641666</CreateTime>
<MsgType><![CDATA[video]]></MsgType>
<MediaId><![CDATA[xX0eoB2fIo-2UqA-ZneXwz7Sb1tKitgXDzJ_ovbaSfrdzcPyOuyTyuohEOFhnawN]]></MediaId>
<ThumbMediaId><![CDATA[UzaITvd_gzFyzfNbE5boi7BMr6R-7RT7LOQEDWBpwddVcwMdEKDoF2g_RRoNx8-O]]></ThumbMediaId>
<MsgId>22199850211844559</MsgId>
</xml>

<<<<<<<2019-02-20 18:37:33
<xml><ToUserName><![CDATA[gh_0beb0bfdac8a]]></ToUserName>
<FromUserName><![CDATA[oNiPq5qguCnYBLX4aTasWJzcY6Q0]]></FromUserName>
<CreateTime>1550632979</CreateTime>
<MsgType><![CDATA[voice]]></MsgType>
<MediaId><![CDATA[j0kA1CmGcGEUKgx1NsaCNAqUxwiiO1a9kSwYELrdy2829KpRg0FOkev4J2daRsIg]]></MediaId>
<Format><![CDATA[amr]]></Format>
<MsgId>22199724682931738</MsgId>
<Recognition><![CDATA[]]></Recognition>
</xml>

<<<<<<<2019-02-20 18:40:22
<xml><ToUserName><![CDATA[gh_0beb0bfdac8a]]></ToUserName>
<FromUserName><![CDATA[oNiPq5qguCnYBLX4aTasWJzcY6Q0]]></FromUserName>
<CreateTime>1550632979</CreateTime>
<MsgType><![CDATA[voice]]></MsgType>
<MediaId><![CDATA[j0kA1CmGcGEUKgx1NsaCNAqUxwiiO1a9kSwYELrdy2829KpRg0FOkev4J2daRsIg]]></MediaId>
<Format><![CDATA[amr]]></Format>
<MsgId>22199724682931738</MsgId>
<Recognition><![CDATA[]]></Recognition>
</xml>

<<<<<<<2019-02-20 19:16:41
<xml><ToUserName><![CDATA[gh_0beb0bfdac8a]]></ToUserName>
<FromUserName><![CDATA[oNiPq5qguCnYBLX4aTasWJzcY6Q0]]></FromUserName>
<CreateTime>1550632979</CreateTime>
<MsgType><![CDATA[voice]]></MsgType>
<MediaId><![CDATA[j0kA1CmGcGEUKgx1NsaCNAqUxwiiO1a9kSwYELrdy2829KpRg0FOkev4J2daRsIg]]></MediaId>
<Format><![CDATA[amr]]></Format>
<MsgId>22199724682931738</MsgId>
<Recognition><![CDATA[]]></Recognition>
</xml>

<<<<<<<2019-02-20 19:42:36
<xml><ToUserName><![CDATA[gh_890a66600ce9]]></ToUserName>
<FromUserName><![CDATA[oNiPq5qguCnYBLX4aTasWJzcY6Q0]]></FromUserName>
<CreateTime>1550662912</CreateTime>
<MsgType><![CDATA[image]]></MsgType>
<PicUrl><![CDATA[http://mmbiz.qpic.cn/mmbiz_jpg/PS0yrLSI3Q3iatwXz866M0OG2q7s1OCuIBLWruuiaXuIZ4icWsKD9MZRaIVicJbVHvf4m1jiaDAHHAh83XYHqVM7JaA/0]]></PicUrl>
<MsgId>22200156017327271</MsgId>
<MediaId><![CDATA[busR8SPOLrqJyiU_It_JUnfK15NL4kw_xK_ebpZIGEYU3kId6FVwk7Q5X_ca7TUX]]></MediaId>
</xml>
<<<<<<<